<?xml version="1.0" encoding="UTF-8"?>
<testng-results skipped="0" failed="0" ignored="1" total="6" passed="5">
  <reporter-output>
  </reporter-output>
  <suite name="Default suite" duration-ms="76" started-at="2018-12-18T20:34:01Z" finished-at="2018-12-18T20:34:01Z">
    <groups>
      <group name="Checkout">
        <method signature="TestNGGroups.test5()[pri:4, instance:TestNGGroups@9629756]" name="test5" class="TestNGGroups"/>
      </group> <!-- Checkout -->
      <group name="AddItem">
        <method signature="TestNGGroups.test3()[pri:2, instance:TestNGGroups@9629756]" name="test3" class="TestNGGroups"/>
      </group> <!-- AddItem -->
      <group name="Confirm">
        <method signature="TestNGGroups.test6()[pri:5, instance:TestNGGroups@9629756]" name="test6" class="TestNGGroups"/>
      </group> <!-- Confirm -->
      <group name="Login">
        <method signature="TestNGGroups.test1()[pri:0, instance:TestNGGroups@9629756]" name="test1" class="TestNGGroups"/>
      </group> <!-- Login -->
      <group name="ModifyItem">
        <method signature="TestNGGroups.test4()[pri:3, instance:TestNGGroups@9629756]" name="test4" class="TestNGGroups"/>
      </group> <!-- ModifyItem -->
    </groups>
    <test name="Default test" duration-ms="76" started-at="2018-12-18T20:34:01Z" finished-at="2018-12-18T20:34:01Z">
      <class name="TestNGGroups">
        <test-method status="PASS" signature="LoginTest1()[pri:0, instance:TestNGGroups@9629756]" name="LoginTest1" is-config="true" duration-ms="7" started-at="2018-12-18T20:34:01Z" finished-at="2018-12-18T20:34:01Z">
          <reporter-output>
          </reporter-output>
        </test-method> <!-- LoginTest1 -->
        <test-method status="PASS" signature="test1()[pri:0, instance:TestNGGroups@9629756]" name="test1" duration-ms="6" started-at="2018-12-18T20:34:01Z" finished-at="2018-12-18T20:34:01Z">
          <reporter-output>
          </reporter-output>
        </test-method> <!-- test1 -->
        <test-method status="PASS" signature="LoginTest2()[pri:0, instance:TestNGGroups@9629756]" name="LoginTest2" is-config="true" duration-ms="1" started-at="2018-12-18T20:34:01Z" finished-at="2018-12-18T20:34:01Z">
          <reporter-output>
          </reporter-output>
        </test-method> <!-- LoginTest2 -->
        <test-method status="PASS" signature="AddItemTest1()[pri:0, instance:TestNGGroups@9629756]" name="AddItemTest1" is-config="true" duration-ms="1" started-at="2018-12-18T20:34:01Z" finished-at="2018-12-18T20:34:01Z">
          <reporter-output>
          </reporter-output>
        </test-method> <!-- AddItemTest1 -->
        <test-method status="PASS" signature="test3()[pri:2, instance:TestNGGroups@9629756]" name="test3" duration-ms="4" started-at="2018-12-18T20:34:01Z" finished-at="2018-12-18T20:34:01Z">
          <reporter-output>
          </reporter-output>
        </test-method> <!-- test3 -->
        <test-method status="PASS" signature="AddItemTest2()[pri:0, instance:TestNGGroups@9629756]" name="AddItemTest2" is-config="true" duration-ms="1" started-at="2018-12-18T20:34:01Z" finished-at="2018-12-18T20:34:01Z">
          <reporter-output>
          </reporter-output>
        </test-method> <!-- AddItemTest2 -->
        <test-method status="PASS" signature="test4()[pri:3, instance:TestNGGroups@9629756]" name="test4" duration-ms="4" started-at="2018-12-18T20:34:01Z" finished-at="2018-12-18T20:34:01Z">
          <reporter-output>
          </reporter-output>
        </test-method> <!-- test4 -->
        <test-method status="PASS" signature="ModifyItemTest1()[pri:0, instance:TestNGGroups@9629756]" name="ModifyItemTest1" is-config="true" duration-ms="0" started-at="2018-12-18T20:34:01Z" finished-at="2018-12-18T20:34:01Z">
          <reporter-output>
          </reporter-output>
        </test-method> <!-- ModifyItemTest1 -->
        <test-method status="PASS" signature="ModifyItemTest2()[pri:0, instance:TestNGGroups@9629756]" name="ModifyItemTest2" is-config="true" duration-ms="0" started-at="2018-12-18T20:34:01Z" finished-at="2018-12-18T20:34:01Z">
          <reporter-output>
          </reporter-output>
        </test-method> <!-- ModifyItemTest2 -->
        <test-method status="PASS" signature="CheckoutTest1()[pri:0, instance:TestNGGroups@9629756]" name="CheckoutTest1" is-config="true" duration-ms="1" started-at="2018-12-18T20:34:01Z" finished-at="2018-12-18T20:34:01Z">
          <reporter-output>
          </reporter-output>
        </test-method> <!-- CheckoutTest1 -->
        <test-method status="PASS" signature="test5()[pri:4, instance:TestNGGroups@9629756]" name="test5" duration-ms="1" started-at="2018-12-18T20:34:01Z" finished-at="2018-12-18T20:34:01Z">
          <reporter-output>
          </reporter-output>
        </test-method> <!-- test5 -->
        <test-method status="PASS" signature="CheckoutTest2()[pri:0, instance:TestNGGroups@9629756]" name="CheckoutTest2" is-config="true" duration-ms="0" started-at="2018-12-18T20:34:01Z" finished-at="2018-12-18T20:34:01Z">
          <reporter-output>
          </reporter-output>
        </test-method> <!-- CheckoutTest2 -->
        <test-method status="PASS" signature="test6()[pri:5, instance:TestNGGroups@9629756]" name="test6" duration-ms="1" started-at="2018-12-18T20:34:01Z" finished-at="2018-12-18T20:34:01Z">
          <reporter-output>
          </reporter-output>
        </test-method> <!-- test6 -->
        <test-method status="PASS" signature="ConfirmTest1()[pri:0, instance:TestNGGroups@9629756]" name="ConfirmTest1" is-config="true" duration-ms="0" started-at="2018-12-18T20:34:01Z" finished-at="2018-12-18T20:34:01Z">
          <reporter-output>
          </reporter-output>
        </test-method> <!-- ConfirmTest1 -->
        <test-method status="PASS" signature="ConfirmTest2()[pri:0, instance:TestNGGroups@9629756]" name="ConfirmTest2" is-config="true" duration-ms="0" started-at="2018-12-18T20:34:01Z" finished-at="2018-12-18T20:34:01Z">
          <reporter-output>
          </reporter-output>
        </test-method> <!-- ConfirmTest2 -->
      </class> <!-- TestNGGroups -->
    </test> <!-- Default test -->
  </suite> <!-- Default suite -->
</testng-results>
