<?xml version="1.0" encoding="UTF-8"?>
<!-- Generated by org.testng.reporters.JUnitXMLReporter -->
<testsuite hostname="MININT-609DME9" ignored="1" tests="5" failures="0" timestamp="18 Dec 2018 20:34:02 GMT" time="0.076" errors="0">
  <testcase name="test1" time="0.006" classname="TestNGGroups"/>
  <testcase name="test3" time="0.004" classname="TestNGGroups"/>
  <testcase name="test4" time="0.004" classname="TestNGGroups"/>
  <testcase name="test5" time="0.001" classname="TestNGGroups"/>
  <testcase name="test6" time="0.001" classname="TestNGGroups"/>
  <testcase name="test2" time="0.0" classname="TestNGGroups">
    <ignored/>
  </testcase> <!-- test2 -->
</testsuite>
